生成启动时间为 2014/7/18 23:54:20。
     1>项目“E:\Programs\Test\2014.07.18\GA polygen feature points\GA polygen feature points\GA polygen feature points.vcxproj”在节点 2 上(build 个目标)。
     1>PrepareForBuild:
         正在创建目录“E:\Programs\Test\2014.07.18\GA polygen feature points\Debug\”。
       InitializeBuildStatus:
         正在创建“Debug\GA polygen feature points.unsuccessfulbuild”，因为已指定“AlwaysCreate”。
       ClCompile:
         C:\Software\visualstdio\VC\bin\CL.exe /c /ZI /nologo /W3 /WX- /Od /Oy- /D WIN32 /D _DEBUG /D _CONSOLE /D _UNICODE /D UNICODE /Gm /EHsc /RTC1 /MDd /GS /fp:precise /Zc:wchar_t /Zc:forScope /Fo"Debug\\" /Fd"Debug\vc100.pdb" /Gd /TP /analyze- /errorReport:prompt functions.cpp
         functions.cpp
     1>e:\programs\test\2014.07.18\ga polygen feature points\ga polygen feature points\ga.h(123): warning C4996: 'strcpy': This function or variable may be unsafe. Consider using strcpy_s instead. To disable deprecation, use _CRT_SECURE_NO_WARNINGS. See online help for details.
                 c:\software\visualstdio\vc\include\string.h(105) : 参见“strcpy”的声明
     1>e:\programs\test\2014.07.18\ga polygen feature points\ga polygen feature points\ga.h(124): warning C4996: 'strcat': This function or variable may be unsafe. Consider using strcat_s instead. To disable deprecation, use _CRT_SECURE_NO_WARNINGS. See online help for details.
                 c:\software\visualstdio\vc\include\string.h(110) : 参见“strcat”的声明
     1>e:\programs\test\2014.07.18\ga polygen feature points\ga polygen feature points\ga.h(125): warning C4996: 'strcat': This function or variable may be unsafe. Consider using strcat_s instead. To disable deprecation, use _CRT_SECURE_NO_WARNINGS. See online help for details.
                 c:\software\visualstdio\vc\include\string.h(110) : 参见“strcat”的声明
     1>e:\programs\test\2014.07.18\ga polygen feature points\ga polygen feature points\ga.h(126): warning C4996: 'strcpy': This function or variable may be unsafe. Consider using strcpy_s instead. To disable deprecation, use _CRT_SECURE_NO_WARNINGS. See online help for details.
                 c:\software\visualstdio\vc\include\string.h(105) : 参见“strcpy”的声明
     1>e:\programs\test\2014.07.18\ga polygen feature points\ga polygen feature points\ga.h(127): warning C4996: 'strcat': This function or variable may be unsafe. Consider using strcat_s instead. To disable deprecation, use _CRT_SECURE_NO_WARNINGS. See online help for details.
                 c:\software\visualstdio\vc\include\string.h(110) : 参见“strcat”的声明
     1>e:\programs\test\2014.07.18\ga polygen feature points\ga polygen feature points\ga.h(128): warning C4996: 'strcat': This function or variable may be unsafe. Consider using strcat_s instead. To disable deprecation, use _CRT_SECURE_NO_WARNINGS. See online help for details.
                 c:\software\visualstdio\vc\include\string.h(110) : 参见“strcat”的声明
     1>e:\programs\test\2014.07.18\ga polygen feature points\ga polygen feature points\ga.h(129): warning C4996: 'strcpy': This function or variable may be unsafe. Consider using strcpy_s instead. To disable deprecation, use _CRT_SECURE_NO_WARNINGS. See online help for details.
                 c:\software\visualstdio\vc\include\string.h(105) : 参见“strcpy”的声明
     1>e:\programs\test\2014.07.18\ga polygen feature points\ga polygen feature points\ga.h(130): warning C4996: 'strcat': This function or variable may be unsafe. Consider using strcat_s instead. To disable deprecation, use _CRT_SECURE_NO_WARNINGS. See online help for details.
                 c:\software\visualstdio\vc\include\string.h(110) : 参见“strcat”的声明
     1>e:\programs\test\2014.07.18\ga polygen feature points\ga polygen feature points\ga.h(131): warning C4996: 'strcat': This function or variable may be unsafe. Consider using strcat_s instead. To disable deprecation, use _CRT_SECURE_NO_WARNINGS. See online help for details.
                 c:\software\visualstdio\vc\include\string.h(110) : 参见“strcat”的声明
     1>e:\programs\test\2014.07.18\ga polygen feature points\ga polygen feature points\ga.h(133): warning C4996: 'strcpy': This function or variable may be unsafe. Consider using strcpy_s instead. To disable deprecation, use _CRT_SECURE_NO_WARNINGS. See online help for details.
                 c:\software\visualstdio\vc\include\string.h(105) : 参见“strcpy”的声明
     1>e:\programs\test\2014.07.18\ga polygen feature points\ga polygen feature points\ga.h(134): warning C4996: 'strcat': This function or variable may be unsafe. Consider using strcat_s instead. To disable deprecation, use _CRT_SECURE_NO_WARNINGS. See online help for details.
                 c:\software\visualstdio\vc\include\string.h(110) : 参见“strcat”的声明
     1>e:\programs\test\2014.07.18\ga polygen feature points\ga polygen feature points\ga.h(135): warning C4996: 'strcat': This function or variable may be unsafe. Consider using strcat_s instead. To disable deprecation, use _CRT_SECURE_NO_WARNINGS. See online help for details.
                 c:\software\visualstdio\vc\include\string.h(110) : 参见“strcat”的声明
     1>e:\programs\test\2014.07.18\ga polygen feature points\ga polygen feature points\ga.h(136): warning C4996: 'strcpy': This function or variable may be unsafe. Consider using strcpy_s instead. To disable deprecation, use _CRT_SECURE_NO_WARNINGS. See online help for details.
                 c:\software\visualstdio\vc\include\string.h(105) : 参见“strcpy”的声明
     1>e:\programs\test\2014.07.18\ga polygen feature points\ga polygen feature points\ga.h(137): warning C4996: 'strcat': This function or variable may be unsafe. Consider using strcat_s instead. To disable deprecation, use _CRT_SECURE_NO_WARNINGS. See online help for details.
                 c:\software\visualstdio\vc\include\string.h(110) : 参见“strcat”的声明
     1>e:\programs\test\2014.07.18\ga polygen feature points\ga polygen feature points\ga.h(138): warning C4996: 'strcat': This function or variable may be unsafe. Consider using strcat_s instead. To disable deprecation, use _CRT_SECURE_NO_WARNINGS. See online help for details.
                 c:\software\visualstdio\vc\include\string.h(110) : 参见“strcat”的声明
     1>e:\programs\test\2014.07.18\ga polygen feature points\ga polygen feature points\ga.h(139): warning C4996: 'strcpy': This function or variable may be unsafe. Consider using strcpy_s instead. To disable deprecation, use _CRT_SECURE_NO_WARNINGS. See online help for details.
                 c:\software\visualstdio\vc\include\string.h(105) : 参见“strcpy”的声明
     1>e:\programs\test\2014.07.18\ga polygen feature points\ga polygen feature points\ga.h(140): warning C4996: 'strcat': This function or variable may be unsafe. Consider using strcat_s instead. To disable deprecation, use _CRT_SECURE_NO_WARNINGS. See online help for details.
                 c:\software\visualstdio\vc\include\string.h(110) : 参见“strcat”的声明
     1>e:\programs\test\2014.07.18\ga polygen feature points\ga polygen feature points\ga.h(141): warning C4996: 'strcat': This function or variable may be unsafe. Consider using strcat_s instead. To disable deprecation, use _CRT_SECURE_NO_WARNINGS. See online help for details.
                 c:\software\visualstdio\vc\include\string.h(110) : 参见“strcat”的声明
     1>e:\programs\test\2014.07.18\ga polygen feature points\ga polygen feature points\ga.h(156): warning C4996: 'fopen': This function or variable may be unsafe. Consider using fopen_s instead. To disable deprecation, use _CRT_SECURE_NO_WARNINGS. See online help for details.
                 c:\software\visualstdio\vc\include\stdio.h(234) : 参见“fopen”的声明
     1>e:\programs\test\2014.07.18\ga polygen feature points\ga polygen feature points\ga.h(223): warning C4244: “=”: 从“double”转换到“float”，可能丢失数据
     1>e:\programs\test\2014.07.18\ga polygen feature points\ga polygen feature points\ga.h(380): warning C4244: “初始化”: 从“int”转换到“float”，可能丢失数据
     1>e:\programs\test\2014.07.18\ga polygen feature points\ga polygen feature points\ga.h(496): warning C4996: 'fopen': This function or variable may be unsafe. Consider using fopen_s instead. To disable deprecation, use _CRT_SECURE_NO_WARNINGS. See online help for details.
                 c:\software\visualstdio\vc\include\stdio.h(234) : 参见“fopen”的声明
     1>e:\programs\test\2014.07.18\ga polygen feature points\ga polygen feature points\ga.h(522): warning C4244: “=”: 从“int”转换到“float”，可能丢失数据
     1>e:\programs\test\2014.07.18\ga polygen feature points\ga polygen feature points\ga.h(523): warning C4244: “参数”: 从“float”转换到“long”，可能丢失数据
     1>e:\programs\test\2014.07.18\ga polygen feature points\ga polygen feature points\ga.h(535): warning C4244: “=”: 从“int”转换到“float”，可能丢失数据
     1>e:\programs\test\2014.07.18\ga polygen feature points\ga polygen feature points\ga.h(536): warning C4244: “参数”: 从“float”转换到“long”，可能丢失数据
     1>e:\programs\test\2014.07.18\ga polygen feature points\ga polygen feature points\ga.h(549): warning C4244: “=”: 从“int”转换到“float”，可能丢失数据
     1>e:\programs\test\2014.07.18\ga polygen feature points\ga polygen feature points\ga.h(550): warning C4244: “参数”: 从“float”转换到“long”，可能丢失数据
     1>e:\programs\test\2014.07.18\ga polygen feature points\ga polygen feature points\ga.h(675): warning C4996: 'fopen': This function or variable may be unsafe. Consider using fopen_s instead. To disable deprecation, use _CRT_SECURE_NO_WARNINGS. See online help for details.
                 c:\software\visualstdio\vc\include\stdio.h(234) : 参见“fopen”的声明
     1>e:\programs\test\2014.07.18\ga polygen feature points\ga polygen feature points\ga.h(766): warning C4244: “初始化”: 从“float”转换到“int”，可能丢失数据
     1>e:\programs\test\2014.07.18\ga polygen feature points\ga polygen feature points\ga.h(767): warning C4244: “=”: 从“float”转换到“int”，可能丢失数据
     1>e:\programs\test\2014.07.18\ga polygen feature points\ga polygen feature points\ga.h(783): warning C4244: “=”: 从“float”转换到“int”，可能丢失数据
     1>e:\programs\test\2014.07.18\ga polygen feature points\ga polygen feature points\ga.h(784): warning C4244: “=”: 从“float”转换到“int”，可能丢失数据
     1>e:\programs\test\2014.07.18\ga polygen feature points\ga polygen feature points\functions.cpp(9): warning C4996: 'strcpy': This function or variable may be unsafe. Consider using strcpy_s instead. To disable deprecation, use _CRT_SECURE_NO_WARNINGS. See online help for details.
                 c:\software\visualstdio\vc\include\string.h(105) : 参见“strcpy”的声明
     1>e:\programs\test\2014.07.18\ga polygen feature points\ga polygen feature points\functions.cpp(10): warning C4996: 'strcat': This function or variable may be unsafe. Consider using strcat_s instead. To disable deprecation, use _CRT_SECURE_NO_WARNINGS. See online help for details.
                 c:\software\visualstdio\vc\include\string.h(110) : 参见“strcat”的声明
     1>e:\programs\test\2014.07.18\ga polygen feature points\ga polygen feature points\functions.cpp(14): warning C4101: “j”: 未引用的局部变量
     1>e:\programs\test\2014.07.18\ga polygen feature points\ga polygen feature points\functions.cpp(274): warning C4244: “=”: 从“int”转换到“float”，可能丢失数据
     1>e:\programs\test\2014.07.18\ga polygen feature points\ga polygen feature points\functions.cpp(311): warning C4244: “初始化”: 从“double”转换到“float”，可能丢失数据
     1>e:\programs\test\2014.07.18\ga polygen feature points\ga polygen feature points\functions.cpp(597): warning C4244: “=”: 从“double”转换到“float”，可能丢失数据
       ManifestResourceCompile:
         C:\Program Files (x86)\Microsoft SDKs\Windows\v7.0A\bin\rc.exe /nologo /fo"Debug\GA polygen feature points.exe.embed.manifest.res" "Debug\GA polygen feature points_manifest.rc" 
       Link:
         C:\Software\visualstdio\VC\bin\link.exe /ERRORREPORT:PROMPT /OUT:"E:\Programs\Test\2014.07.18\GA polygen feature points\Debug\GA polygen feature points.exe" /INCREMENTAL /NOLOGO kernel32.lib user32.lib gdi32.lib winspool.lib comdlg32.lib advapi32.lib shell32.lib ole32.lib oleaut32.lib uuid.lib odbc32.lib odbccp32.lib /MANIFEST /ManifestFile:"Debug\GA polygen feature points.exe.intermediate.manifest" /MANIFESTUAC:"level='asInvoker' uiAccess='false'" /DEBUG /PDB:"E:\Programs\Test\2014.07.18\GA polygen feature points\Debug\GA polygen feature points.pdb" /SUBSYSTEM:CONSOLE /TLBID:1 /DYNAMICBASE /NXCOMPAT /IMPLIB:"E:\Programs\Test\2014.07.18\GA polygen feature points\Debug\GA polygen feature points.lib" /MACHINE:X86 "Debug\GA polygen feature points.exe.embed.manifest.res"
         Debug\functions.obj
       Manifest:
         C:\Program Files (x86)\Microsoft SDKs\Windows\v7.0A\bin\mt.exe /nologo /verbose /out:"Debug\GA polygen feature points.exe.embed.manifest" /manifest "Debug\GA polygen feature points.exe.intermediate.manifest"
         C:\Program Files (x86)\Microsoft SDKs\Windows\v7.0A\bin\rc.exe /nologo /fo"Debug\GA polygen feature points.exe.embed.manifest.res" "Debug\GA polygen feature points_manifest.rc" 
       LinkEmbedManifest:
         C:\Software\visualstdio\VC\bin\link.exe /ERRORREPORT:PROMPT /OUT:"E:\Programs\Test\2014.07.18\GA polygen feature points\Debug\GA polygen feature points.exe" /INCREMENTAL /NOLOGO kernel32.lib user32.lib gdi32.lib winspool.lib comdlg32.lib advapi32.lib shell32.lib ole32.lib oleaut32.lib uuid.lib odbc32.lib odbccp32.lib /MANIFEST /ManifestFile:"Debug\GA polygen feature points.exe.intermediate.manifest" /MANIFESTUAC:"level='asInvoker' uiAccess='false'" /DEBUG /PDB:"E:\Programs\Test\2014.07.18\GA polygen feature points\Debug\GA polygen feature points.pdb" /SUBSYSTEM:CONSOLE /TLBID:1 /DYNAMICBASE /NXCOMPAT /IMPLIB:"E:\Programs\Test\2014.07.18\GA polygen feature points\Debug\GA polygen feature points.lib" /MACHINE:X86 "Debug\GA polygen feature points.exe.embed.manifest.res"
         Debug\functions.obj
         GA polygen feature points.vcxproj -> E:\Programs\Test\2014.07.18\GA polygen feature points\Debug\GA polygen feature points.exe
       FinalizeBuildStatus:
         正在删除文件“Debug\GA polygen feature points.unsuccessfulbuild”。
         正在对“Debug\GA polygen feature points.lastbuildstate”执行 Touch 任务。
     1>已完成生成项目“E:\Programs\Test\2014.07.18\GA polygen feature points\GA polygen feature points\GA polygen feature points.vcxproj”(build 个目标)的操作。

生成成功。

已用时间 00:00:00.74
